2021/07/29 10:28:53.118 I Program                        CONFIGURATION C:\Users\Nahuel\Documents\Proyectos\phd\herramienta\KSDExperiments\bin\Debug\Experiments\CommandLine\VERIFY.config 
2021/07/29 10:28:53.183 I Pipeline                       Initializing pipeline VERIFY... 
2021/07/29 10:28:53.183 I Pipeline                         Stage loadLSIA (LoadDatasetStage) 
2021/07/29 10:28:53.183 I LoadDatasetStage                   TYPE LoadDatasetStage 
2021/07/29 10:28:53.183 I LoadDatasetStage                   Creating instance... 
2021/07/29 10:28:53.183 I LoadDatasetStage                   Ready. 
2021/07/29 10:28:53.198 I Pipeline                         Stage loadKM (LoadDatasetStage) 
2021/07/29 10:28:53.198 I LoadDatasetStage                   TYPE LoadDatasetStage 
2021/07/29 10:28:53.198 I LoadDatasetStage                   Creating instance... 
2021/07/29 10:28:53.198 I LoadDatasetStage                   Ready. 
2021/07/29 10:28:53.198 I Pipeline                         Stage loadGAY (LoadDatasetStage) 
2021/07/29 10:28:53.198 I LoadDatasetStage                   TYPE LoadDatasetStage 
2021/07/29 10:28:53.198 I LoadDatasetStage                   Creating instance... 
2021/07/29 10:28:53.198 I LoadDatasetStage                   Ready. 
2021/07/29 10:28:53.198 I Pipeline                         Stage loadGUN (LoadDatasetStage) 
2021/07/29 10:28:53.198 I LoadDatasetStage                   TYPE LoadDatasetStage 
2021/07/29 10:28:53.198 I LoadDatasetStage                   Creating instance... 
2021/07/29 10:28:53.198 I LoadDatasetStage                   Ready. 
2021/07/29 10:28:53.198 I Pipeline                         Stage loadREVIEW (LoadDatasetStage) 
2021/07/29 10:28:53.198 I LoadDatasetStage                   TYPE LoadDatasetStage 
2021/07/29 10:28:53.198 I LoadDatasetStage                   Creating instance... 
2021/07/29 10:28:53.198 I LoadDatasetStage                   Ready. 
2021/07/29 10:28:53.214 I Pipeline                         Stage split (ThresholdPartitioner) 
2021/07/29 10:28:53.214 I Pipeline                         Stage fts (CleanFTs) 
2021/07/29 10:28:53.214 I Pipeline                         Stage run (RunDefaultExperiment) 
2021/07/29 10:28:53.214 I FiniteContextsConfiguration        Initialing model storage... 
2021/07/29 10:28:53.214 I FiniteContextsConfiguration          TD 
2021/07/29 10:28:53.214 I FiniteContextsConfiguration          HI 
2021/07/29 10:28:53.214 I FiniteContextsConfiguration          DIE 
2021/07/29 10:28:53.214 I FiniteContextsConfiguration          DIL 
2021/07/29 10:28:53.214 I FiniteContextsConfiguration        Initialing features... 
2021/07/29 10:28:53.214 I FiniteContextsConfiguration          AvgStdev 
2021/07/29 10:28:53.214 I FiniteContextsConfiguration          Histogram 
2021/07/29 10:28:53.214 I FiniteContextsConfiguration          DIE 
2021/07/29 10:28:53.230 I FiniteContextsConfiguration          DIL 
2021/07/29 10:28:53.230 I FiniteContextsConfiguration          RMix 
2021/07/29 10:28:53.230 I FiniteContextsConfiguration          R1 
2021/07/29 10:28:53.230 I FiniteContextsConfiguration        Initialing attributes... 
2021/07/29 10:28:53.230 I FiniteContextsConfiguration          FT_DM 
2021/07/29 10:28:53.230 I FiniteContextsConfiguration          FT_DE 
2021/07/29 10:28:53.230 I FiniteContextsConfiguration          FT_DMin 
2021/07/29 10:28:53.230 I FiniteContextsConfiguration          FT_DC 
2021/07/29 10:28:53.230 I FiniteContextsConfiguration          FT_Z 
2021/07/29 10:28:53.230 I FiniteContextsConfiguration          FT_HM 
2021/07/29 10:28:53.230 I FiniteContextsConfiguration          FT_HE 
2021/07/29 10:28:53.230 I FiniteContextsConfiguration          FT_HMin 
2021/07/29 10:28:53.230 I FiniteContextsConfiguration          FT_HC 
2021/07/29 10:28:53.245 I FiniteContextsConfiguration          FT_HZ 
2021/07/29 10:28:53.245 I FiniteContextsConfiguration          FT_DIE 
2021/07/29 10:28:53.245 I FiniteContextsConfiguration          FT_DIL 
2021/07/29 10:28:53.245 I FiniteContextsConfiguration          FT_RAll 
2021/07/29 10:28:53.245 I FiniteContextsConfiguration          FT_RMix 
2021/07/29 10:28:53.245 I FiniteContextsConfiguration          FT_R1 
2021/07/29 10:28:53.245 I FiniteContextsConfiguration          HT_DM 
2021/07/29 10:28:53.245 I FiniteContextsConfiguration          HT_DE 
2021/07/29 10:28:53.245 I FiniteContextsConfiguration          HT_DMin 
2021/07/29 10:28:53.245 I FiniteContextsConfiguration          HT_DC 
2021/07/29 10:28:53.245 I FiniteContextsConfiguration          HT_Z 
2021/07/29 10:28:53.245 I FiniteContextsConfiguration          HT_HM 
2021/07/29 10:28:53.245 I FiniteContextsConfiguration          HT_HE 
2021/07/29 10:28:53.245 I FiniteContextsConfiguration          HT_HMin 
2021/07/29 10:28:53.245 I FiniteContextsConfiguration          HT_HC 
2021/07/29 10:28:53.245 I FiniteContextsConfiguration          HT_HZ 
2021/07/29 10:28:53.245 I FiniteContextsConfiguration          HT_DIE 
2021/07/29 10:28:53.245 I FiniteContextsConfiguration          HT_DIL 
2021/07/29 10:28:53.245 I FiniteContextsConfiguration          HT_RAll 
2021/07/29 10:28:53.261 I FiniteContextsConfiguration          HT_RMix 
2021/07/29 10:28:53.261 I FiniteContextsConfiguration          HT_R1 
2021/07/29 10:28:53.261 I LoadDatasetStage               Loading dataset... 
2021/07/29 10:28:53.261 I BinaryDatasetReader              Reading binary dataset LSIA... 
2021/07/29 10:28:58.782 I BinaryDatasetReader                Ready. 
2021/07/29 10:28:58.795 I LoadDatasetStage                 Ready. 
2021/07/29 10:28:58.795 I LoadDatasetStage               Loading dataset... 
2021/07/29 10:28:58.795 I BinaryDatasetReader              Reading binary dataset KM... 
2021/07/29 10:28:58.816 I BinaryDatasetReader                Ready. 
2021/07/29 10:28:58.816 I LoadDatasetStage                 Ready. 
2021/07/29 10:28:58.816 I LoadDatasetStage               Loading dataset... 
2021/07/29 10:28:58.824 I BinaryDatasetReader              Reading binary dataset GAY... 
2021/07/29 10:28:58.966 I BinaryDatasetReader                Ready. 
2021/07/29 10:28:58.966 I LoadDatasetStage                 Ready. 
2021/07/29 10:28:58.966 I LoadDatasetStage               Loading dataset... 
2021/07/29 10:28:58.966 I BinaryDatasetReader              Reading binary dataset GUN... 
2021/07/29 10:28:59.104 I BinaryDatasetReader                Ready. 
2021/07/29 10:28:59.105 I LoadDatasetStage                 Ready. 
2021/07/29 10:28:59.105 I LoadDatasetStage               Loading dataset... 
2021/07/29 10:28:59.105 I BinaryDatasetReader              Reading binary dataset REVIEW... 
2021/07/29 10:28:59.254 I BinaryDatasetReader                Ready. 
2021/07/29 10:28:59.254 I LoadDatasetStage                 Ready. 
2021/07/29 10:28:59.263 I ThresholdPartitioner           Partitioning sessions... 
2021/07/29 10:28:59.263 I ExperimentParallelization        DATASET LSIA 
2021/07/29 10:29:00.327 I ExperimentParallelization        DATASET KM 
2021/07/29 10:29:00.327 I ExperimentParallelization        DATASET GAY 
2021/07/29 10:29:00.353 I ExperimentParallelization        DATASET GUN 
2021/07/29 10:29:00.379 I ExperimentParallelization        DATASET REVIEW 
2021/07/29 10:29:00.440 I CleanFTs                       Cleaning FTs after partitions... 
2021/07/29 10:29:00.440 I ExperimentParallelization        DATASET LSIA 
2021/07/29 10:29:03.276 I ExperimentParallelization        DATASET KM 
2021/07/29 10:29:03.276 I ExperimentParallelization        DATASET GAY 
2021/07/29 10:29:03.363 I ExperimentParallelization        DATASET GUN 
2021/07/29 10:29:03.433 I ExperimentParallelization        DATASET REVIEW 
2021/07/29 10:29:03.508 I RunDefaultExperiment           Running default experiment VERIFY... 
2021/07/29 10:29:03.508 I PipelineStage                  ---------------------------------------- DATASET LSIA 
2021/07/29 10:29:03.513 I PipelineStage                  DATASET LSIA 
2021/07/29 10:29:03.513 I PipelineStage                  USER 400150 
2021/07/29 10:29:03.513 I PipelineStage                  Training BETWEEN-USER adversaries profile... 
2021/07/29 10:29:04.321 I PipelineStage                  Setting up evil bot synthesizers... 
2021/07/29 10:29:04.444 I PipelineStage                  Splitting legitimate samples into sentences... 
2021/07/29 10:29:04.460 I PipelineStage                  Synthesizing evil bot forgeries... 
2021/07/29 10:29:05.550 I PipelineStage                  The training set contains 2596 sentences of 30 characters or more. 
2021/07/29 10:29:14.367 I PipelineStage                    BETWEEN-USER     C7                                    MIXED    FAR:   0.22%    FRR:   0.65% 
2021/07/29 10:29:14.374 I PipelineStage                      FT_DM  17.5%/0.83 
2021/07/29 10:29:14.374 I PipelineStage                      FT_DE  21.5%/1.38 
2021/07/29 10:29:14.374 I PipelineStage                      FT_DMin  16%/0.56 
2021/07/29 10:29:14.374 I PipelineStage                      FT_DC  32%/0.17 
2021/07/29 10:29:14.421 I PipelineStage                      FT_Z  23%/4.55 
2021/07/29 10:29:14.435 I PipelineStage                      FT_HM  9%/0.28 
2021/07/29 10:29:14.435 I PipelineStage                      FT_HE  9%/0.32 
2021/07/29 10:29:14.435 I PipelineStage                      FT_HMin  8%/0.23 
2021/07/29 10:29:14.435 I PipelineStage                      FT_HC  30%/0.29 
2021/07/29 10:29:14.435 I PipelineStage                      FT_HZ  5%/0.11 
2021/07/29 10:29:14.435 I PipelineStage                      FT_DIE  12%/0.18 
2021/07/29 10:29:14.452 I PipelineStage                      FT_DIL  13.5%/0.18 
2021/07/29 10:29:14.469 I PipelineStage                      FT_RAll  17%/0.37 
2021/07/29 10:29:14.469 I PipelineStage                      FT_RMix  11.5%/0.36 
2021/07/29 10:29:14.486 I PipelineStage                      FT_R1  9%/0.38 
2021/07/29 10:29:14.486 I PipelineStage                      HT_DM  4.5%/1.65 
2021/07/29 10:29:14.486 I PipelineStage                      HT_DE  4%/2.1 
2021/07/29 10:29:14.486 I PipelineStage                      HT_DMin  5%/1.27 
2021/07/29 10:29:14.486 I PipelineStage                      HT_DC  12.5%/0.15 
2021/07/29 10:29:14.510 I PipelineStage                      HT_Z  4%/12.82 
2021/07/29 10:29:14.511 I PipelineStage                      HT_HM  6.5%/0.35 
2021/07/29 10:29:14.511 I PipelineStage                      HT_HE  7%/0.38 
2021/07/29 10:29:14.511 I PipelineStage                      HT_HMin  7%/0.32 
2021/07/29 10:29:14.511 I PipelineStage                      HT_HC  33.5%/0.29 
2021/07/29 10:29:14.511 I PipelineStage                      HT_HZ  3%/0.26 
2021/07/29 10:29:14.532 I PipelineStage                      HT_DIE  9%/0.34 
2021/07/29 10:29:14.532 I PipelineStage                      HT_DIL  14.5%/0.34 
2021/07/29 10:29:14.532 I PipelineStage                      HT_RAll  29.5%/0.48 
2021/07/29 10:29:14.532 I PipelineStage                      HT_RMix  13.5%/0.51 
2021/07/29 10:29:14.532 I PipelineStage                      HT_R1  13%/0.51 
2021/07/29 10:29:14.532 I PipelineStage                  ---------------------------------------- DATASET KM 
2021/07/29 10:29:14.543 I PipelineStage                  ---------------------------------------- DATASET GAY 
2021/07/29 10:29:14.543 I PipelineStage                  ---------------------------------------- DATASET GUN 
2021/07/29 10:29:14.543 I PipelineStage                  ---------------------------------------- DATASET REVIEW 
2021/07/29 10:29:14.543 I Program                        READY. 
